<?xml version="1.0" encoding="UTF-8"?>
<testng-results skipped="0" failed="0" ignored="0" total="2" passed="2">
  <reporter-output>
  </reporter-output>
  <suite name="Default suite" duration-ms="29179" started-at="2018-11-30T08:00:18Z" finished-at="2018-11-30T08:00:47Z">
    <groups>
    </groups>
    <test name="Default test" duration-ms="29179" started-at="2018-11-30T08:00:18Z" finished-at="2018-11-30T08:00:47Z">
      <class name="Shiksha_SignUpTest">
        <test-method status="PASS" signature="open()[pri:1, instance:Shiksha_SignUpTest@1e1a0406]" name="open" duration-ms="25908" started-at="2018-11-30T08:00:18Z" finished-at="2018-11-30T08:00:44Z">
          <reporter-output>
          </reporter-output>
        </test-method> <!-- open -->
        <test-method status="PASS" signature="login()[pri:2, instance:Shiksha_SignUpTest@1e1a0406]" name="login" duration-ms="3041" started-at="2018-11-30T08:00:44Z" finished-at="2018-11-30T08:00:47Z">
          <reporter-output>
          </reporter-output>
        </test-method> <!-- login -->
      </class> <!-- Shiksha_SignUpTest -->
    </test> <!-- Default test -->
  </suite> <!-- Default suite -->
</testng-results>
